# JRE version: OpenJDK Runtime Environment Temurin-21.0.7+6 (21.0.7+6) (build 21.0.7+6-LTS)
# Java VM: OpenJDK 64-Bit Server VM Temurin-21.0.7+6 (21.0.7+6-LTS, mixed mode, sharing, tiered, compressed oops, compressed class ptrs, parallel gc, windows-amd64)
GC Precious Log:
 CardTable entry size: 512
 CPUs: 12 total, 12 available
 Memory: 7518M
 Large Page Support: Disabled
 NUMA Support: Disabled
 Compressed Oops: Enabled (32-bit)
 Alignments: Space 512K, Generation 512K, Heap 2M
 Heap Min Capacity: 100M
 Heap Initial Capacity: 100M
 Heap Max Capacity: 2G
 Pre-touch: Disabled
 Parallel Workers: 10
Heap:
 PSYoungGen      total 11776K, used 10087K [0x00000000d5580000, 0x00000000d6200000, 0x0000000100000000)
  eden space 10752K, 86% used [0x00000000d5580000,0x00000000d5e99f78,0x00000000d6000000)
  from space 1024K, 75% used [0x00000000d6100000,0x00000000d61c0000,0x00000000d6200000)
  to   space 1024K, 0% used [0x00000000d6000000,0x00000000d6000000,0x00000000d6100000)
 ParOldGen       total 419328K, used 418958K [0x0000000080000000, 0x0000000099980000, 0x00000000d5580000)
  object space 419328K, 99% used [0x0000000080000000,0x0000000099923888,0x0000000099980000)
 Metaspace       used 71726K, committed 73216K, reserved 1114112K
  class space    used 8616K, committed 9344K, reserved 1048576K
GC Heap History (20 events):
Event: 49.836 GC heap after
{Heap after GC invocations=390 (full 3):
 PSYoungGen      total 7168K, used 576K [0x00000000d5580000, 0x00000000d5d80000, 0x0000000100000000)
  eden space 6144K, 0% used [0x00000000d5580000,0x00000000d5580000,0x00000000d5b80000)
  from space 1024K, 56% used [0x00000000d5b80000,0x00000000d5c10000,0x00000000d5c80000)
  to   space 1024K, 0% used [0x00000000d5c80000,0x00000000d5c80000,0x00000000d5d80000)
 ParOldGen       total 413696K, used 413475K [0x0000000080000000, 0x0000000099400000, 0x00000000d5580000)
  object space 413696K, 99% used [0x0000000080000000,0x00000000993c8c40,0x0000000099400000)
 Metaspace       used 71722K, committed 73216K, reserved 1114112K
  class space    used 8616K, committed 9344K, reserved 1048576K
}
Event: 49.852 GC heap before
{Heap before GC invocations=391 (full 3):
 PSYoungGen      total 7168K, used 6720K [0x00000000d5580000, 0x00000000d5d80000, 0x0000000100000000)
  eden space 6144K, 100% used [0x00000000d5580000,0x00000000d5b80000,0x00000000d5b80000)
  from space 1024K, 56% used [0x00000000d5b80000,0x00000000d5c10000,0x00000000d5c80000)
  to   space 1024K, 0% used [0x00000000d5c80000,0x00000000d5c80000,0x00000000d5d80000)
 ParOldGen       total 413696K, used 413475K [0x0000000080000000, 0x0000000099400000, 0x00000000d5580000)
  object space 413696K, 99% used [0x0000000080000000,0x00000000993c8c40,0x0000000099400000)
 Metaspace       used 71722K, committed 73216K, reserved 1114112K
  class space    used 8616K, committed 9344K, reserved 1048576K
}
Event: 49.854 GC heap after
{Heap after GC invocations=391 (full 3):
 PSYoungGen      total 7168K, used 806K [0x00000000d5580000, 0x00000000d5d80000, 0x0000000100000000)
  eden space 6144K, 0% used [0x00000000d5580000,0x00000000d5580000,0x00000000d5b80000)
  from space 1024K, 78% used [0x00000000d5c80000,0x00000000d5d49818,0x00000000d5d80000)
  to   space 1024K, 0% used [0x00000000d5b80000,0x00000000d5b80000,0x00000000d5c80000)
 ParOldGen       total 414208K, used 413955K [0x0000000080000000, 0x0000000099480000, 0x00000000d5580000)
  object space 414208K, 99% used [0x0000000080000000,0x0000000099440c40,0x0000000099480000)
 Metaspace       used 71722K, committed 73216K, reserved 1114112K
  class space    used 8616K, committed 9344K, reserved 1048576K
}
Event: 49.867 GC heap before
{Heap before GC invocations=392 (full 3):
 PSYoungGen      total 7168K, used 6950K [0x00000000d5580000, 0x00000000d5d80000, 0x0000000100000000)
  eden space 6144K, 100% used [0x00000000d5580000,0x00000000d5b80000,0x00000000d5b80000)
  from space 1024K, 78% used [0x00000000d5c80000,0x00000000d5d49818,0x00000000d5d80000)
  to   space 1024K, 0% used [0x00000000d5b80000,0x00000000d5b80000,0x00000000d5c80000)
 ParOldGen       total 414208K, used 413955K [0x0000000080000000, 0x0000000099480000, 0x00000000d5580000)
  object space 414208K, 99% used [0x0000000080000000,0x0000000099440c40,0x0000000099480000)
 Metaspace       used 71722K, committed 73216K, reserved 1114112K
  class space    used 8616K, committed 9344K, reserved 1048576K
}
Event: 49.870 GC heap after
{Heap after GC invocations=392 (full 3):
 PSYoungGen      total 7168K, used 576K [0x00000000d5580000, 0x00000000d5d80000, 0x0000000100000000)
  eden space 6144K, 0% used [0x00000000d5580000,0x00000000d5580000,0x00000000d5b80000)
  from space 1024K, 56% used [0x00000000d5b80000,0x00000000d5c10000,0x00000000d5c80000)
  to   space 1024K, 0% used [0x00000000d5c80000,0x00000000d5c80000,0x00000000d5d80000)
 ParOldGen       total 414720K, used 414633K [0x0000000080000000, 0x0000000099500000, 0x00000000d5580000)
  object space 414720K, 99% used [0x0000000080000000,0x00000000994ea458,0x0000000099500000)
 Metaspace       used 71722K, committed 73216K, reserved 1114112K
  class space    used 8616K, committed 9344K, reserved 1048576K
}
Event: 49.880 GC heap before
{Heap before GC invocations=393 (full 3):
 PSYoungGen      total 7168K, used 6720K [0x00000000d5580000, 0x00000000d5d80000, 0x0000000100000000)
  eden space 6144K, 100% used [0x00000000d5580000,0x00000000d5b80000,0x00000000d5b80000)
  from space 1024K, 56% used [0x00000000d5b80000,0x00000000d5c10000,0x00000000d5c80000)
  to   space 1024K, 0% used [0x00000000d5c80000,0x00000000d5c80000,0x00000000d5d80000)
 ParOldGen       total 414720K, used 414633K [0x0000000080000000, 0x0000000099500000, 0x00000000d5580000)
  object space 414720K, 99% used [0x0000000080000000,0x00000000994ea458,0x0000000099500000)
 Metaspace       used 71723K, committed 73216K, reserved 1114112K
  class space    used 8616K, committed 9344K, reserved 1048576K
}
Event: 49.883 GC heap after
{Heap after GC invocations=393 (full 3):
 PSYoungGen      total 7168K, used 576K [0x00000000d5580000, 0x00000000d5d80000, 0x0000000100000000)
  eden space 6144K, 0% used [0x00000000d5580000,0x00000000d5580000,0x00000000d5b80000)
  from space 1024K, 56% used [0x00000000d5c80000,0x00000000d5d10000,0x00000000d5d80000)
  to   space 1024K, 0% used [0x00000000d5b80000,0x00000000d5b80000,0x00000000d5c80000)
 ParOldGen       total 415232K, used 415089K [0x0000000080000000, 0x0000000099580000, 0x00000000d5580000)
  object space 415232K, 99% used [0x0000000080000000,0x000000009955c458,0x0000000099580000)
 Metaspace       used 71723K, committed 73216K, reserved 1114112K
  class space    used 8616K, committed 9344K, reserved 1048576K
}
Event: 49.897 GC heap before
{Heap before GC invocations=394 (full 3):
 PSYoungGen      total 7168K, used 6714K [0x00000000d5580000, 0x00000000d5d80000, 0x0000000100000000)
  eden space 6144K, 99% used [0x00000000d5580000,0x00000000d5b7eba0,0x00000000d5b80000)
  from space 1024K, 56% used [0x00000000d5c80000,0x00000000d5d10000,0x00000000d5d80000)
  to   space 1024K, 0% used [0x00000000d5b80000,0x00000000d5b80000,0x00000000d5c80000)
 ParOldGen       total 415232K, used 415089K [0x0000000080000000, 0x0000000099580000, 0x00000000d5580000)
  object space 415232K, 99% used [0x0000000080000000,0x000000009955c458,0x0000000099580000)
 Metaspace       used 71723K, committed 73216K, reserved 1114112K
  class space    used 8616K, committed 9344K, reserved 1048576K
}
Event: 49.899 GC heap after
{Heap after GC invocations=394 (full 3):
 PSYoungGen      total 7168K, used 512K [0x00000000d5580000, 0x00000000d5d80000, 0x0000000100000000)
  eden space 6144K, 0% used [0x00000000d5580000,0x00000000d5580000,0x00000000d5b80000)
  from space 1024K, 50% used [0x00000000d5b80000,0x00000000d5c00000,0x00000000d5c80000)
  to   space 1024K, 0% used [0x00000000d5c80000,0x00000000d5c80000,0x00000000d5d80000)
 ParOldGen       total 415744K, used 415517K [0x0000000080000000, 0x0000000099600000, 0x00000000d5580000)
  object space 415744K, 99% used [0x0000000080000000,0x00000000995c77b0,0x0000000099600000)
 Metaspace       used 71723K, committed 73216K, reserved 1114112K
  class space    used 8616K, committed 9344K, reserved 1048576K
}
Event: 49.910 GC heap before
{Heap before GC invocations=395 (full 3):
 PSYoungGen      total 7168K, used 6656K [0x00000000d5580000, 0x00000000d5d80000, 0x0000000100000000)
  eden space 6144K, 100% used [0x00000000d5580000,0x00000000d5b80000,0x00000000d5b80000)
  from space 1024K, 50% used [0x00000000d5b80000,0x00000000d5c00000,0x00000000d5c80000)
  to   space 1024K, 0% used [0x00000000d5c80000,0x00000000d5c80000,0x00000000d5d80000)
 ParOldGen       total 415744K, used 415517K [0x0000000080000000, 0x0000000099600000, 0x00000000d5580000)
  object space 415744K, 99% used [0x0000000080000000,0x00000000995c77b0,0x0000000099600000)
 Metaspace       used 71724K, committed 73216K, reserved 1114112K
  class space    used 8616K, committed 9344K, reserved 1048576K
}
Event: 49.913 GC heap after
{Heap after GC invocations=395 (full 3):
 PSYoungGen      total 6656K, used 352K [0x00000000d5580000, 0x00000000d5d00000, 0x0000000100000000)
  eden space 6144K, 0% used [0x00000000d5580000,0x00000000d5580000,0x00000000d5b80000)
  from space 512K, 68% used [0x00000000d5c80000,0x00000000d5cd8000,0x00000000d5d00000)
  to   space 512K, 0% used [0x00000000d5c00000,0x00000000d5c00000,0x00000000d5c80000)
 ParOldGen       total 416256K, used 415933K [0x0000000080000000, 0x0000000099680000, 0x00000000d5580000)
  object space 416256K, 99% used [0x0000000080000000,0x000000009962f7b0,0x0000000099680000)
 Metaspace       used 71724K, committed 73216K, reserved 1114112K
  class space    used 8616K, committed 9344K, reserved 1048576K
}
Event: 49.930 GC heap before
{Heap before GC invocations=396 (full 3):
 PSYoungGen      total 6656K, used 6496K [0x00000000d5580000, 0x00000000d5d00000, 0x0000000100000000)
  eden space 6144K, 100% used [0x00000000d5580000,0x00000000d5b80000,0x00000000d5b80000)
  from space 512K, 68% used [0x00000000d5c80000,0x00000000d5cd8000,0x00000000d5d00000)
  to   space 512K, 0% used [0x00000000d5c00000,0x00000000d5c00000,0x00000000d5c80000)
 ParOldGen       total 416256K, used 415933K [0x0000000080000000, 0x0000000099680000, 0x00000000d5580000)
  object space 416256K, 99% used [0x0000000080000000,0x000000009962f7b0,0x0000000099680000)
 Metaspace       used 71726K, committed 73216K, reserved 1114112K
  class space    used 8616K, committed 9344K, reserved 1048576K
}
Event: 49.932 GC heap after
{Heap after GC invocations=396 (full 3):
 PSYoungGen      total 6656K, used 508K [0x00000000d5580000, 0x00000000d5d80000, 0x0000000100000000)
  eden space 6144K, 0% used [0x00000000d5580000,0x00000000d5580000,0x00000000d5b80000)
  from space 512K, 99% used [0x00000000d5c00000,0x00000000d5c7f1f0,0x00000000d5c80000)
  to   space 1024K, 0% used [0x00000000d5c80000,0x00000000d5c80000,0x00000000d5d80000)
 ParOldGen       total 416768K, used 416261K [0x0000000080000000, 0x0000000099700000, 0x00000000d5580000)
  object space 416768K, 99% used [0x0000000080000000,0x00000000996817b0,0x0000000099700000)
 Metaspace       used 71726K, committed 73216K, reserved 1114112K
  class space    used 8616K, committed 9344K, reserved 1048576K
}
Event: 49.946 GC heap before
{Heap before GC invocations=397 (full 3):
 PSYoungGen      total 6656K, used 6652K [0x00000000d5580000, 0x00000000d5d80000, 0x0000000100000000)
  eden space 6144K, 100% used [0x00000000d5580000,0x00000000d5b80000,0x00000000d5b80000)
  from space 512K, 99% used [0x00000000d5c00000,0x00000000d5c7f1f0,0x00000000d5c80000)
  to   space 1024K, 0% used [0x00000000d5c80000,0x00000000d5c80000,0x00000000d5d80000)
 ParOldGen       total 416768K, used 416261K [0x0000000080000000, 0x0000000099700000, 0x00000000d5580000)
  object space 416768K, 99% used [0x0000000080000000,0x00000000996817b0,0x0000000099700000)
 Metaspace       used 71726K, committed 73216K, reserved 1114112K
  class space    used 8616K, committed 9344K, reserved 1048576K
}
Event: 49.948 GC heap after
{Heap after GC invocations=397 (full 3):
 PSYoungGen      total 7168K, used 608K [0x00000000d5580000, 0x00000000d5d80000, 0x0000000100000000)
  eden space 6144K, 0% used [0x00000000d5580000,0x00000000d5580000,0x00000000d5b80000)
  from space 1024K, 59% used [0x00000000d5c80000,0x00000000d5d18000,0x00000000d5d80000)
  to   space 1024K, 0% used [0x00000000d5b80000,0x00000000d5b80000,0x00000000d5c80000)
 ParOldGen       total 416768K, used 416693K [0x0000000080000000, 0x0000000099700000, 0x00000000d5580000)
  object space 416768K, 99% used [0x0000000080000000,0x00000000996ed7b0,0x0000000099700000)
 Metaspace       used 71726K, committed 73216K, reserved 1114112K
  class space    used 8616K, committed 9344K, reserved 1048576K
}
Event: 49.967 GC heap before
{Heap before GC invocations=398 (full 3):
 PSYoungGen      total 7168K, used 6752K [0x00000000d5580000, 0x00000000d5d80000, 0x0000000100000000)
  eden space 6144K, 100% used [0x00000000d5580000,0x00000000d5b80000,0x00000000d5b80000)
  from space 1024K, 59% used [0x00000000d5c80000,0x00000000d5d18000,0x00000000d5d80000)
  to   space 1024K, 0% used [0x00000000d5b80000,0x00000000d5b80000,0x00000000d5c80000)
 ParOldGen       total 416768K, used 416693K [0x0000000080000000, 0x0000000099700000, 0x00000000d5580000)
  object space 416768K, 99% used [0x0000000080000000,0x00000000996ed7b0,0x0000000099700000)
 Metaspace       used 71726K, committed 73216K, reserved 1114112K
  class space    used 8616K, committed 9344K, reserved 1048576K
}
Event: 50.969 GC heap after
{Heap after GC invocations=398 (full 3):
 PSYoungGen      total 7168K, used 620K [0x00000000d5580000, 0x00000000d5f00000, 0x0000000100000000)
  eden space 6144K, 0% used [0x00000000d5580000,0x00000000d5580000,0x00000000d5b80000)
  from space 1024K, 60% used [0x00000000d5b80000,0x00000000d5c1b008,0x00000000d5c80000)
  to   space 1024K, 0% used [0x00000000d5e00000,0x00000000d5e00000,0x00000000d5f00000)
 ParOldGen       total 417280K, used 417181K [0x0000000080000000, 0x0000000099780000, 0x00000000d5580000)
  object space 417280K, 99% used [0x0000000080000000,0x00000000997677b0,0x0000000099780000)
 Metaspace       used 71726K, committed 73216K, reserved 1114112K
  class space    used 8616K, committed 9344K, reserved 1048576K
}
Event: 50.982 GC heap before
{Heap before GC invocations=399 (full 3):
 PSYoungGen      total 7168K, used 6764K [0x00000000d5580000, 0x00000000d5f00000, 0x0000000100000000)
  eden space 6144K, 100% used [0x00000000d5580000,0x00000000d5b80000,0x00000000d5b80000)
  from space 1024K, 60% used [0x00000000d5b80000,0x00000000d5c1b008,0x00000000d5c80000)
  to   space 1024K, 0% used [0x00000000d5e00000,0x00000000d5e00000,0x00000000d5f00000)
 ParOldGen       total 417280K, used 417181K [0x0000000080000000, 0x0000000099780000, 0x00000000d5580000)
  object space 417280K, 99% used [0x0000000080000000,0x00000000997677b0,0x0000000099780000)
 Metaspace       used 71726K, committed 73216K, reserved 1114112K
  class space    used 8616K, committed 9344K, reserved 1048576K
}
Event: 50.984 GC heap after
{Heap after GC invocations=399 (full 3):
 PSYoungGen      total 8192K, used 352K [0x00000000d5580000, 0x00000000d5e80000, 0x0000000100000000)
  eden space 7680K, 0% used [0x00000000d5580000,0x00000000d5580000,0x00000000d5d00000)
  from space 512K, 68% used [0x00000000d5e00000,0x00000000d5e58000,0x00000000d5e80000)
  to   space 512K, 0% used [0x00000000d5d80000,0x00000000d5d80000,0x00000000d5e00000)
 ParOldGen       total 417792K, used 417585K [0x0000000080000000, 0x0000000099800000, 0x00000000d5580000)
  object space 417792K, 99% used [0x0000000080000000,0x00000000997cc7b8,0x0000000099800000)
 Metaspace       used 71726K, committed 73216K, reserved 1114112K
  class space    used 8616K, committed 9344K, reserved 1048576K
}
Event: 51.001 GC heap before
{Heap before GC invocations=400 (full 3):
 PSYoungGen      total 8192K, used 8032K [0x00000000d5580000, 0x00000000d5e80000, 0x0000000100000000)
  eden space 7680K, 100% used [0x00000000d5580000,0x00000000d5d00000,0x00000000d5d00000)
  from space 512K, 68% used [0x00000000d5e00000,0x00000000d5e58000,0x00000000d5e80000)
  to   space 512K, 0% used [0x00000000d5d80000,0x00000000d5d80000,0x00000000d5e00000)
 ParOldGen       total 417792K, used 417585K [0x0000000080000000, 0x0000000099800000, 0x00000000d5580000)
  object space 417792K, 99% used [0x0000000080000000,0x00000000997cc7b8,0x0000000099800000)
 Metaspace       used 71726K, committed 73216K, reserved 1114112K
  class space    used 8616K, committed 9344K, reserved 1048576K
}

