# JRE version: OpenJDK Runtime Environment Temurin-21.0.7+6 (21.0.7+6) (build 21.0.7+6-LTS)
# Java VM: OpenJDK 64-Bit Server VM Temurin-21.0.7+6 (21.0.7+6-LTS, mixed mode, sharing, tiered, compressed oops, compressed class ptrs, parallel gc, windows-amd64)
GC Precious Log:
 CardTable entry size: 512
 CPUs: 12 total, 12 available
 Memory: 7518M
 Large Page Support: Disabled
 NUMA Support: Disabled
 Compressed Oops: Enabled (32-bit)
 Alignments: Space 512K, Generation 512K, Heap 2M
 Heap Min Capacity: 100M
 Heap Initial Capacity: 100M
 Heap Max Capacity: 2G
 Pre-touch: Disabled
 Parallel Workers: 10
Heap:
 PSYoungGen      total 21504K, used 15765K [0x00000000d5580000, 0x00000000d6e00000, 0x0000000100000000)
  eden space 19968K, 72% used [0x00000000d5580000,0x00000000d63b15c8,0x00000000d6900000)
  from space 1536K, 80% used [0x00000000d6c80000,0x00000000d6db4048,0x00000000d6e00000)
  to   space 2048K, 0% used [0x00000000d6a00000,0x00000000d6a00000,0x00000000d6c00000)
 ParOldGen       total 68608K, used 32032K [0x0000000080000000, 0x0000000084300000, 0x00000000d5580000)
  object space 68608K, 46% used [0x0000000080000000,0x0000000081f480c0,0x0000000084300000)
 Metaspace       used 41562K, committed 42624K, reserved 1114112K
  class space    used 4122K, committed 4608K, reserved 1048576K
GC Heap History (20 events):
Event: 24.408 GC heap before
{Heap before GC invocations=15 (full 1):
 PSYoungGen      total 24576K, used 24160K [0x00000000d5580000, 0x00000000d7000000, 0x0000000100000000)
  eden space 22016K, 100% used [0x00000000d5580000,0x00000000d6b00000,0x00000000d6b00000)
  from space 2560K, 83% used [0x00000000d6b80000,0x00000000d6d98000,0x00000000d6e00000)
  to   space 2048K, 0% used [0x00000000d6e00000,0x00000000d6e00000,0x00000000d7000000)
 ParOldGen       total 68608K, used 20901K [0x0000000080000000, 0x0000000084300000, 0x00000000d5580000)
  object space 68608K, 30% used [0x0000000080000000,0x00000000814695f0,0x0000000084300000)
 Metaspace       used 32017K, committed 33024K, reserved 1114112K
  class space    used 3177K, committed 3584K, reserved 1048576K
}
Event: 24.413 GC heap after
{Heap after GC invocations=15 (full 1):
 PSYoungGen      total 22528K, used 2020K [0x00000000d5580000, 0x00000000d7400000, 0x0000000100000000)
  eden space 20480K, 0% used [0x00000000d5580000,0x00000000d5580000,0x00000000d6980000)
  from space 2048K, 98% used [0x00000000d6e00000,0x00000000d6ff9000,0x00000000d7000000)
  to   space 4608K, 0% used [0x00000000d6980000,0x00000000d6980000,0x00000000d6e00000)
 ParOldGen       total 68608K, used 22947K [0x0000000080000000, 0x0000000084300000, 0x00000000d5580000)
  object space 68608K, 33% used [0x0000000080000000,0x0000000081668fa0,0x0000000084300000)
 Metaspace       used 32017K, committed 33024K, reserved 1114112K
  class space    used 3177K, committed 3584K, reserved 1048576K
}
Event: 24.536 GC heap before
{Heap before GC invocations=16 (full 1):
 PSYoungGen      total 22528K, used 22500K [0x00000000d5580000, 0x00000000d7400000, 0x0000000100000000)
  eden space 20480K, 100% used [0x00000000d5580000,0x00000000d6980000,0x00000000d6980000)
  from space 2048K, 98% used [0x00000000d6e00000,0x00000000d6ff9000,0x00000000d7000000)
  to   space 4608K, 0% used [0x00000000d6980000,0x00000000d6980000,0x00000000d6e00000)
 ParOldGen       total 68608K, used 22947K [0x0000000080000000, 0x0000000084300000, 0x00000000d5580000)
  object space 68608K, 33% used [0x0000000080000000,0x0000000081668fa0,0x0000000084300000)
 Metaspace       used 32073K, committed 33088K, reserved 1114112K
  class space    used 3179K, committed 3648K, reserved 1048576K
}
Event: 24.540 GC heap after
{Heap after GC invocations=16 (full 1):
 PSYoungGen      total 23040K, used 2176K [0x00000000d5580000, 0x00000000d6f80000, 0x0000000100000000)
  eden space 20480K, 0% used [0x00000000d5580000,0x00000000d5580000,0x00000000d6980000)
  from space 2560K, 85% used [0x00000000d6980000,0x00000000d6ba0010,0x00000000d6c00000)
  to   space 3072K, 0% used [0x00000000d6c80000,0x00000000d6c80000,0x00000000d6f80000)
 ParOldGen       total 68608K, used 24940K [0x0000000080000000, 0x0000000084300000, 0x00000000d5580000)
  object space 68608K, 36% used [0x0000000080000000,0x000000008185b0a0,0x0000000084300000)
 Metaspace       used 32073K, committed 33088K, reserved 1114112K
  class space    used 3179K, committed 3648K, reserved 1048576K
}
Event: 24.652 GC heap before
{Heap before GC invocations=17 (full 1):
 PSYoungGen      total 23040K, used 22656K [0x00000000d5580000, 0x00000000d6f80000, 0x0000000100000000)
  eden space 20480K, 100% used [0x00000000d5580000,0x00000000d6980000,0x00000000d6980000)
  from space 2560K, 85% used [0x00000000d6980000,0x00000000d6ba0010,0x00000000d6c00000)
  to   space 3072K, 0% used [0x00000000d6c80000,0x00000000d6c80000,0x00000000d6f80000)
 ParOldGen       total 68608K, used 24940K [0x0000000080000000, 0x0000000084300000, 0x00000000d5580000)
  object space 68608K, 36% used [0x0000000080000000,0x000000008185b0a0,0x0000000084300000)
 Metaspace       used 32126K, committed 33152K, reserved 1114112K
  class space    used 3179K, committed 3648K, reserved 1048576K
}
Event: 24.661 GC heap after
{Heap after GC invocations=17 (full 1):
 PSYoungGen      total 22528K, used 1888K [0x00000000d5580000, 0x00000000d6e80000, 0x0000000100000000)
  eden space 20480K, 0% used [0x00000000d5580000,0x00000000d5580000,0x00000000d6980000)
  from space 2048K, 92% used [0x00000000d6c80000,0x00000000d6e58000,0x00000000d6e80000)
  to   space 2560K, 0% used [0x00000000d6980000,0x00000000d6980000,0x00000000d6c00000)
 ParOldGen       total 68608K, used 26940K [0x0000000080000000, 0x0000000084300000, 0x00000000d5580000)
  object space 68608K, 39% used [0x0000000080000000,0x0000000081a4f0b0,0x0000000084300000)
 Metaspace       used 32126K, committed 33152K, reserved 1114112K
  class space    used 3179K, committed 3648K, reserved 1048576K
}
Event: 25.306 GC heap before
{Heap before GC invocations=18 (full 1):
 PSYoungGen      total 22528K, used 22368K [0x00000000d5580000, 0x00000000d6e80000, 0x0000000100000000)
  eden space 20480K, 100% used [0x00000000d5580000,0x00000000d6980000,0x00000000d6980000)
  from space 2048K, 92% used [0x00000000d6c80000,0x00000000d6e58000,0x00000000d6e80000)
  to   space 2560K, 0% used [0x00000000d6980000,0x00000000d6980000,0x00000000d6c00000)
 ParOldGen       total 68608K, used 26940K [0x0000000080000000, 0x0000000084300000, 0x00000000d5580000)
  object space 68608K, 39% used [0x0000000080000000,0x0000000081a4f0b0,0x0000000084300000)
 Metaspace       used 33702K, committed 34688K, reserved 1114112K
  class space    used 3389K, committed 3840K, reserved 1048576K
}
Event: 25.319 GC heap after
{Heap after GC invocations=18 (full 1):
 PSYoungGen      total 22016K, used 1524K [0x00000000d5580000, 0x00000000d6d80000, 0x0000000100000000)
  eden space 20480K, 0% used [0x00000000d5580000,0x00000000d5580000,0x00000000d6980000)
  from space 1536K, 99% used [0x00000000d6980000,0x00000000d6afd3e8,0x00000000d6b00000)
  to   space 2048K, 0% used [0x00000000d6b80000,0x00000000d6b80000,0x00000000d6d80000)
 ParOldGen       total 68608K, used 28676K [0x0000000080000000, 0x0000000084300000, 0x00000000d5580000)
  object space 68608K, 41% used [0x0000000080000000,0x0000000081c012b0,0x0000000084300000)
 Metaspace       used 33702K, committed 34688K, reserved 1114112K
  class space    used 3389K, committed 3840K, reserved 1048576K
}
Event: 26.237 GC heap before
{Heap before GC invocations=19 (full 1):
 PSYoungGen      total 22016K, used 19736K [0x00000000d5580000, 0x00000000d6d80000, 0x0000000100000000)
  eden space 20480K, 88% used [0x00000000d5580000,0x00000000d6748f48,0x00000000d6980000)
  from space 1536K, 99% used [0x00000000d6980000,0x00000000d6afd3e8,0x00000000d6b00000)
  to   space 2048K, 0% used [0x00000000d6b80000,0x00000000d6b80000,0x00000000d6d80000)
 ParOldGen       total 68608K, used 28676K [0x0000000080000000, 0x0000000084300000, 0x00000000d5580000)
  object space 68608K, 41% used [0x0000000080000000,0x0000000081c012b0,0x0000000084300000)
 Metaspace       used 34816K, committed 35840K, reserved 1114112K
  class space    used 3484K, committed 3968K, reserved 1048576K
}
Event: 26.239 GC heap after
{Heap after GC invocations=19 (full 1):
 PSYoungGen      total 22016K, used 1056K [0x00000000d5580000, 0x00000000d6d00000, 0x0000000100000000)
  eden space 20480K, 0% used [0x00000000d5580000,0x00000000d5580000,0x00000000d6980000)
  from space 1536K, 68% used [0x00000000d6b80000,0x00000000d6c880d0,0x00000000d6d00000)
  to   space 1536K, 0% used [0x00000000d6980000,0x00000000d6980000,0x00000000d6b00000)
 ParOldGen       total 68608K, used 30017K [0x0000000080000000, 0x0000000084300000, 0x00000000d5580000)
  object space 68608K, 43% used [0x0000000080000000,0x0000000081d504b8,0x0000000084300000)
 Metaspace       used 34816K, committed 35840K, reserved 1114112K
  class space    used 3484K, committed 3968K, reserved 1048576K
}
Event: 26.239 GC heap before
{Heap before GC invocations=20 (full 2):
 PSYoungGen      total 22016K, used 1056K [0x00000000d5580000, 0x00000000d6d00000, 0x0000000100000000)
  eden space 20480K, 0% used [0x00000000d5580000,0x00000000d5580000,0x00000000d6980000)
  from space 1536K, 68% used [0x00000000d6b80000,0x00000000d6c880d0,0x00000000d6d00000)
  to   space 1536K, 0% used [0x00000000d6980000,0x00000000d6980000,0x00000000d6b00000)
 ParOldGen       total 68608K, used 30017K [0x0000000080000000, 0x0000000084300000, 0x00000000d5580000)
  object space 68608K, 43% used [0x0000000080000000,0x0000000081d504b8,0x0000000084300000)
 Metaspace       used 34816K, committed 35840K, reserved 1114112K
  class space    used 3484K, committed 3968K, reserved 1048576K
}
Event: 26.336 GC heap after
{Heap after GC invocations=20 (full 2):
 PSYoungGen      total 22016K, used 0K [0x00000000d5580000, 0x00000000d6d00000, 0x0000000100000000)
  eden space 20480K, 0% used [0x00000000d5580000,0x00000000d5580000,0x00000000d6980000)
  from space 1536K, 0% used [0x00000000d6b80000,0x00000000d6b80000,0x00000000d6d00000)
  to   space 1536K, 0% used [0x00000000d6980000,0x00000000d6980000,0x00000000d6b00000)
 ParOldGen       total 68608K, used 29183K [0x0000000080000000, 0x0000000084300000, 0x00000000d5580000)
  object space 68608K, 42% used [0x0000000080000000,0x0000000081c7ff68,0x0000000084300000)
 Metaspace       used 34793K, committed 35840K, reserved 1114112K
  class space    used 3478K, committed 3968K, reserved 1048576K
}
Event: 27.135 GC heap before
{Heap before GC invocations=21 (full 2):
 PSYoungGen      total 22016K, used 20431K [0x00000000d5580000, 0x00000000d6d00000, 0x0000000100000000)
  eden space 20480K, 99% used [0x00000000d5580000,0x00000000d6973d80,0x00000000d6980000)
  from space 1536K, 0% used [0x00000000d6b80000,0x00000000d6b80000,0x00000000d6d00000)
  to   space 1536K, 0% used [0x00000000d6980000,0x00000000d6980000,0x00000000d6b00000)
 ParOldGen       total 68608K, used 29183K [0x0000000080000000, 0x0000000084300000, 0x00000000d5580000)
  object space 68608K, 42% used [0x0000000080000000,0x0000000081c7ff68,0x0000000084300000)
 Metaspace       used 36265K, committed 37248K, reserved 1114112K
  class space    used 3612K, committed 4096K, reserved 1048576K
}
Event: 27.137 GC heap after
{Heap after GC invocations=21 (full 2):
 PSYoungGen      total 22016K, used 1378K [0x00000000d5580000, 0x00000000d6c80000, 0x0000000100000000)
  eden space 20480K, 0% used [0x00000000d5580000,0x00000000d5580000,0x00000000d6980000)
  from space 1536K, 89% used [0x00000000d6980000,0x00000000d6ad8980,0x00000000d6b00000)
  to   space 1536K, 0% used [0x00000000d6b00000,0x00000000d6b00000,0x00000000d6c80000)
 ParOldGen       total 68608K, used 29191K [0x0000000080000000, 0x0000000084300000, 0x00000000d5580000)
  object space 68608K, 42% used [0x0000000080000000,0x0000000081c81f68,0x0000000084300000)
 Metaspace       used 36265K, committed 37248K, reserved 1114112K
  class space    used 3612K, committed 4096K, reserved 1048576K
}
Event: 28.595 GC heap before
{Heap before GC invocations=22 (full 2):
 PSYoungGen      total 22016K, used 21858K [0x00000000d5580000, 0x00000000d6c80000, 0x0000000100000000)
  eden space 20480K, 100% used [0x00000000d5580000,0x00000000d6980000,0x00000000d6980000)
  from space 1536K, 89% used [0x00000000d6980000,0x00000000d6ad8980,0x00000000d6b00000)
  to   space 1536K, 0% used [0x00000000d6b00000,0x00000000d6b00000,0x00000000d6c80000)
 ParOldGen       total 68608K, used 29191K [0x0000000080000000, 0x0000000084300000, 0x00000000d5580000)
  object space 68608K, 42% used [0x0000000080000000,0x0000000081c81f68,0x0000000084300000)
 Metaspace       used 38737K, committed 39744K, reserved 1114112K
  class space    used 3848K, committed 4288K, reserved 1048576K
}
Event: 28.598 GC heap after
{Heap after GC invocations=22 (full 2):
 PSYoungGen      total 21504K, used 1504K [0x00000000d5580000, 0x00000000d6d80000, 0x0000000100000000)
  eden space 19968K, 0% used [0x00000000d5580000,0x00000000d5580000,0x00000000d6900000)
  from space 1536K, 97% used [0x00000000d6b00000,0x00000000d6c78020,0x00000000d6c80000)
  to   space 2048K, 0% used [0x00000000d6900000,0x00000000d6900000,0x00000000d6b00000)
 ParOldGen       total 68608K, used 29663K [0x0000000080000000, 0x0000000084300000, 0x00000000d5580000)
  object space 68608K, 43% used [0x0000000080000000,0x0000000081cf7fa8,0x0000000084300000)
 Metaspace       used 38737K, committed 39744K, reserved 1114112K
  class space    used 3848K, committed 4288K, reserved 1048576K
}
Event: 29.129 GC heap before
{Heap before GC invocations=23 (full 2):
 PSYoungGen      total 21504K, used 21472K [0x00000000d5580000, 0x00000000d6d80000, 0x0000000100000000)
  eden space 19968K, 100% used [0x00000000d5580000,0x00000000d6900000,0x00000000d6900000)
  from space 1536K, 97% used [0x00000000d6b00000,0x00000000d6c78020,0x00000000d6c80000)
  to   space 2048K, 0% used [0x00000000d6900000,0x00000000d6900000,0x00000000d6b00000)
 ParOldGen       total 68608K, used 29663K [0x0000000080000000, 0x0000000084300000, 0x00000000d5580000)
  object space 68608K, 43% used [0x0000000080000000,0x0000000081cf7fa8,0x0000000084300000)
 Metaspace       used 39698K, committed 40768K, reserved 1114112K
  class space    used 3955K, committed 4416K, reserved 1048576K
}
Event: 29.132 GC heap after
{Heap after GC invocations=23 (full 2):
 PSYoungGen      total 22016K, used 2019K [0x00000000d5580000, 0x00000000d7000000, 0x0000000100000000)
  eden space 19968K, 0% used [0x00000000d5580000,0x00000000d5580000,0x00000000d6900000)
  from space 2048K, 98% used [0x00000000d6900000,0x00000000d6af8ea0,0x00000000d6b00000)
  to   space 3584K, 0% used [0x00000000d6c80000,0x00000000d6c80000,0x00000000d7000000)
 ParOldGen       total 68608K, used 30853K [0x0000000080000000, 0x0000000084300000, 0x00000000d5580000)
  object space 68608K, 44% used [0x0000000080000000,0x0000000081e214b0,0x0000000084300000)
 Metaspace       used 39698K, committed 40768K, reserved 1114112K
  class space    used 3955K, committed 4416K, reserved 1048576K
}
Event: 29.278 GC heap before
{Heap before GC invocations=24 (full 2):
 PSYoungGen      total 22016K, used 21987K [0x00000000d5580000, 0x00000000d7000000, 0x0000000100000000)
  eden space 19968K, 100% used [0x00000000d5580000,0x00000000d6900000,0x00000000d6900000)
  from space 2048K, 98% used [0x00000000d6900000,0x00000000d6af8ea0,0x00000000d6b00000)
  to   space 3584K, 0% used [0x00000000d6c80000,0x00000000d6c80000,0x00000000d7000000)
 ParOldGen       total 68608K, used 30853K [0x0000000080000000, 0x0000000084300000, 0x00000000d5580000)
  object space 68608K, 44% used [0x0000000080000000,0x0000000081e214b0,0x0000000084300000)
 Metaspace       used 39753K, committed 40832K, reserved 1114112K
  class space    used 3958K, committed 4416K, reserved 1048576K
}
Event: 29.280 GC heap after
{Heap after GC invocations=24 (full 2):
 PSYoungGen      total 21504K, used 1232K [0x00000000d5580000, 0x00000000d6e00000, 0x0000000100000000)
  eden space 19968K, 0% used [0x00000000d5580000,0x00000000d5580000,0x00000000d6900000)
  from space 1536K, 80% used [0x00000000d6c80000,0x00000000d6db4048,0x00000000d6e00000)
  to   space 2048K, 0% used [0x00000000d6a00000,0x00000000d6a00000,0x00000000d6c00000)
 ParOldGen       total 68608K, used 32032K [0x0000000080000000, 0x0000000084300000, 0x00000000d5580000)
  object space 68608K, 46% used [0x0000000080000000,0x0000000081f480c0,0x0000000084300000)
 Metaspace       used 39753K, committed 40832K, reserved 1114112K
  class space    used 3958K, committed 4416K, reserved 1048576K
}

