# JRE version: OpenJDK Runtime Environment Temurin-21.0.7+6 (21.0.7+6) (build 21.0.7+6-LTS)
# Java VM: OpenJDK 64-Bit Server VM Temurin-21.0.7+6 (21.0.7+6-LTS, mixed mode, sharing, tiered, compressed oops, compressed class ptrs, parallel gc, windows-amd64)
GC Precious Log:
 CardTable entry size: 512
 CPUs: 12 total, 12 available
 Memory: 7518M
 Large Page Support: Disabled
 NUMA Support: Disabled
 Compressed Oops: Enabled (32-bit)
 Alignments: Space 512K, Generation 512K, Heap 2M
 Heap Min Capacity: 100M
 Heap Initial Capacity: 100M
 Heap Max Capacity: 2G
 Pre-touch: Disabled
 Parallel Workers: 10
Heap:
 PSYoungGen      total 6144K, used 1204K [0x00000000d5580000, 0x00000000d5d00000, 0x0000000100000000)
  eden space 4608K, 0% used [0x00000000d5580000,0x00000000d5580000,0x00000000d5a00000)
  from space 1536K, 78% used [0x00000000d5a00000,0x00000000d5b2d2f8,0x00000000d5b80000)
  to   space 1536K, 0% used [0x00000000d5b80000,0x00000000d5b80000,0x00000000d5d00000)
 ParOldGen       total 175616K, used 175410K [0x0000000080000000, 0x000000008ab80000, 0x00000000d5580000)
  object space 175616K, 99% used [0x0000000080000000,0x000000008ab4c8a0,0x000000008ab80000)
 Metaspace       used 64300K, committed 65728K, reserved 1114112K
  class space    used 7835K, committed 8448K, reserved 1048576K
GC Heap History (20 events):
Event: 33.437 GC heap after
{Heap after GC invocations=130 (full 3):
 PSYoungGen      total 8192K, used 1492K [0x00000000d5580000, 0x00000000d5f00000, 0x0000000100000000)
  eden space 6656K, 0% used [0x00000000d5580000,0x00000000d5580000,0x00000000d5c00000)
  from space 1536K, 97% used [0x00000000d5c00000,0x00000000d5d75360,0x00000000d5d80000)
  to   space 1536K, 0% used [0x00000000d5d80000,0x00000000d5d80000,0x00000000d5f00000)
 ParOldGen       total 164864K, used 164423K [0x0000000080000000, 0x000000008a100000, 0x00000000d5580000)
  object space 164864K, 99% used [0x0000000080000000,0x000000008a091de0,0x000000008a100000)
 Metaspace       used 63495K, committed 64896K, reserved 1114112K
  class space    used 7740K, committed 8320K, reserved 1048576K
}
Event: 33.607 GC heap before
{Heap before GC invocations=131 (full 3):
 PSYoungGen      total 8192K, used 8148K [0x00000000d5580000, 0x00000000d5f00000, 0x0000000100000000)
  eden space 6656K, 100% used [0x00000000d5580000,0x00000000d5c00000,0x00000000d5c00000)
  from space 1536K, 97% used [0x00000000d5c00000,0x00000000d5d75360,0x00000000d5d80000)
  to   space 1536K, 0% used [0x00000000d5d80000,0x00000000d5d80000,0x00000000d5f00000)
 ParOldGen       total 164864K, used 164423K [0x0000000080000000, 0x000000008a100000, 0x00000000d5580000)
  object space 164864K, 99% used [0x0000000080000000,0x000000008a091de0,0x000000008a100000)
 Metaspace       used 63617K, committed 65088K, reserved 1114112K
  class space    used 7759K, committed 8384K, reserved 1048576K
}
Event: 33.612 GC heap after
{Heap after GC invocations=131 (full 3):
 PSYoungGen      total 6144K, used 1513K [0x00000000d5580000, 0x00000000d6300000, 0x0000000100000000)
  eden space 4608K, 0% used [0x00000000d5580000,0x00000000d5580000,0x00000000d5a00000)
  from space 1536K, 98% used [0x00000000d5d80000,0x00000000d5efa4e8,0x00000000d5f00000)
  to   space 3584K, 0% used [0x00000000d5a00000,0x00000000d5a00000,0x00000000d5d80000)
 ParOldGen       total 165888K, used 165868K [0x0000000080000000, 0x000000008a200000, 0x00000000d5580000)
  object space 165888K, 99% used [0x0000000080000000,0x000000008a1fb180,0x000000008a200000)
 Metaspace       used 63617K, committed 65088K, reserved 1114112K
  class space    used 7759K, committed 8384K, reserved 1048576K
}
Event: 33.673 GC heap before
{Heap before GC invocations=132 (full 3):
 PSYoungGen      total 6144K, used 6121K [0x00000000d5580000, 0x00000000d6300000, 0x0000000100000000)
  eden space 4608K, 100% used [0x00000000d5580000,0x00000000d5a00000,0x00000000d5a00000)
  from space 1536K, 98% used [0x00000000d5d80000,0x00000000d5efa4e8,0x00000000d5f00000)
  to   space 3584K, 0% used [0x00000000d5a00000,0x00000000d5a00000,0x00000000d5d80000)
 ParOldGen       total 165888K, used 165868K [0x0000000080000000, 0x000000008a200000, 0x00000000d5580000)
  object space 165888K, 99% used [0x0000000080000000,0x000000008a1fb180,0x000000008a200000)
 Metaspace       used 63680K, committed 65152K, reserved 1114112K
  class space    used 7766K, committed 8384K, reserved 1048576K
}
Event: 33.677 GC heap after
{Heap after GC invocations=132 (full 3):
 PSYoungGen      total 6144K, used 1032K [0x00000000d5580000, 0x00000000d5e00000, 0x0000000100000000)
  eden space 4608K, 0% used [0x00000000d5580000,0x00000000d5580000,0x00000000d5a00000)
  from space 1536K, 67% used [0x00000000d5a00000,0x00000000d5b02250,0x00000000d5b80000)
  to   space 2048K, 0% used [0x00000000d5c00000,0x00000000d5c00000,0x00000000d5e00000)
 ParOldGen       total 167424K, used 167000K [0x0000000080000000, 0x000000008a380000, 0x00000000d5580000)
  object space 167424K, 99% used [0x0000000080000000,0x000000008a316390,0x000000008a380000)
 Metaspace       used 63680K, committed 65152K, reserved 1114112K
  class space    used 7766K, committed 8384K, reserved 1048576K
}
Event: 33.754 GC heap before
{Heap before GC invocations=133 (full 3):
 PSYoungGen      total 6144K, used 5640K [0x00000000d5580000, 0x00000000d5e00000, 0x0000000100000000)
  eden space 4608K, 100% used [0x00000000d5580000,0x00000000d5a00000,0x00000000d5a00000)
  from space 1536K, 67% used [0x00000000d5a00000,0x00000000d5b02250,0x00000000d5b80000)
  to   space 2048K, 0% used [0x00000000d5c00000,0x00000000d5c00000,0x00000000d5e00000)
 ParOldGen       total 167424K, used 167000K [0x0000000080000000, 0x000000008a380000, 0x00000000d5580000)
  object space 167424K, 99% used [0x0000000080000000,0x000000008a316390,0x000000008a380000)
 Metaspace       used 63761K, committed 65216K, reserved 1114112K
  class space    used 7774K, committed 8384K, reserved 1048576K
}
Event: 33.758 GC heap after
{Heap after GC invocations=133 (full 3):
 PSYoungGen      total 6144K, used 1248K [0x00000000d5580000, 0x00000000d5d80000, 0x0000000100000000)
  eden space 4608K, 0% used [0x00000000d5580000,0x00000000d5580000,0x00000000d5a00000)
  from space 1536K, 81% used [0x00000000d5c00000,0x00000000d5d38000,0x00000000d5d80000)
  to   space 1536K, 0% used [0x00000000d5a00000,0x00000000d5a00000,0x00000000d5b80000)
 ParOldGen       total 167936K, used 167894K [0x0000000080000000, 0x000000008a400000, 0x00000000d5580000)
  object space 167936K, 99% used [0x0000000080000000,0x000000008a3f5950,0x000000008a400000)
 Metaspace       used 63761K, committed 65216K, reserved 1114112K
  class space    used 7774K, committed 8384K, reserved 1048576K
}
Event: 33.802 GC heap before
{Heap before GC invocations=134 (full 3):
 PSYoungGen      total 6144K, used 5856K [0x00000000d5580000, 0x00000000d5d80000, 0x0000000100000000)
  eden space 4608K, 100% used [0x00000000d5580000,0x00000000d5a00000,0x00000000d5a00000)
  from space 1536K, 81% used [0x00000000d5c00000,0x00000000d5d38000,0x00000000d5d80000)
  to   space 1536K, 0% used [0x00000000d5a00000,0x00000000d5a00000,0x00000000d5b80000)
 ParOldGen       total 167936K, used 167894K [0x0000000080000000, 0x000000008a400000, 0x00000000d5580000)
  object space 167936K, 99% used [0x0000000080000000,0x000000008a3f5950,0x000000008a400000)
 Metaspace       used 63777K, committed 65216K, reserved 1114112K
  class space    used 7776K, committed 8384K, reserved 1048576K
}
Event: 33.805 GC heap after
{Heap after GC invocations=134 (full 3):
 PSYoungGen      total 6144K, used 1195K [0x00000000d5580000, 0x00000000d5d00000, 0x0000000100000000)
  eden space 4608K, 0% used [0x00000000d5580000,0x00000000d5580000,0x00000000d5a00000)
  from space 1536K, 77% used [0x00000000d5a00000,0x00000000d5b2afb8,0x00000000d5b80000)
  to   space 1536K, 0% used [0x00000000d5b80000,0x00000000d5b80000,0x00000000d5d00000)
 ParOldGen       total 169472K, used 168965K [0x0000000080000000, 0x000000008a580000, 0x00000000d5580000)
  object space 169472K, 99% used [0x0000000080000000,0x000000008a501790,0x000000008a580000)
 Metaspace       used 63777K, committed 65216K, reserved 1114112K
  class space    used 7776K, committed 8384K, reserved 1048576K
}
Event: 33.857 GC heap before
{Heap before GC invocations=135 (full 3):
 PSYoungGen      total 6144K, used 5803K [0x00000000d5580000, 0x00000000d5d00000, 0x0000000100000000)
  eden space 4608K, 100% used [0x00000000d5580000,0x00000000d5a00000,0x00000000d5a00000)
  from space 1536K, 77% used [0x00000000d5a00000,0x00000000d5b2afb8,0x00000000d5b80000)
  to   space 1536K, 0% used [0x00000000d5b80000,0x00000000d5b80000,0x00000000d5d00000)
 ParOldGen       total 169472K, used 168965K [0x0000000080000000, 0x000000008a580000, 0x00000000d5580000)
  object space 169472K, 99% used [0x0000000080000000,0x000000008a501790,0x000000008a580000)
 Metaspace       used 64052K, committed 65472K, reserved 1114112K
  class space    used 7794K, committed 8384K, reserved 1048576K
}
Event: 33.860 GC heap after
{Heap after GC invocations=135 (full 3):
 PSYoungGen      total 6144K, used 1298K [0x00000000d5580000, 0x00000000d5d00000, 0x0000000100000000)
  eden space 4608K, 0% used [0x00000000d5580000,0x00000000d5580000,0x00000000d5a00000)
  from space 1536K, 84% used [0x00000000d5b80000,0x00000000d5cc4ae8,0x00000000d5d00000)
  to   space 1536K, 0% used [0x00000000d5a00000,0x00000000d5a00000,0x00000000d5b80000)
 ParOldGen       total 170496K, used 170051K [0x0000000080000000, 0x000000008a680000, 0x00000000d5580000)
  object space 170496K, 99% used [0x0000000080000000,0x000000008a610f98,0x000000008a680000)
 Metaspace       used 64052K, committed 65472K, reserved 1114112K
  class space    used 7794K, committed 8384K, reserved 1048576K
}
Event: 33.925 GC heap before
{Heap before GC invocations=136 (full 3):
 PSYoungGen      total 6144K, used 5906K [0x00000000d5580000, 0x00000000d5d00000, 0x0000000100000000)
  eden space 4608K, 100% used [0x00000000d5580000,0x00000000d5a00000,0x00000000d5a00000)
  from space 1536K, 84% used [0x00000000d5b80000,0x00000000d5cc4ae8,0x00000000d5d00000)
  to   space 1536K, 0% used [0x00000000d5a00000,0x00000000d5a00000,0x00000000d5b80000)
 ParOldGen       total 170496K, used 170051K [0x0000000080000000, 0x000000008a680000, 0x00000000d5580000)
  object space 170496K, 99% used [0x0000000080000000,0x000000008a610f98,0x000000008a680000)
 Metaspace       used 64149K, committed 65600K, reserved 1114112K
  class space    used 7807K, committed 8448K, reserved 1048576K
}
Event: 33.929 GC heap after
{Heap after GC invocations=136 (full 3):
 PSYoungGen      total 6144K, used 1138K [0x00000000d5580000, 0x00000000d5d00000, 0x0000000100000000)
  eden space 4608K, 0% used [0x00000000d5580000,0x00000000d5580000,0x00000000d5a00000)
  from space 1536K, 74% used [0x00000000d5a00000,0x00000000d5b1cb20,0x00000000d5b80000)
  to   space 1536K, 0% used [0x00000000d5b80000,0x00000000d5b80000,0x00000000d5d00000)
 ParOldGen       total 171520K, used 171220K [0x0000000080000000, 0x000000008a780000, 0x00000000d5580000)
  object space 171520K, 99% used [0x0000000080000000,0x000000008a735168,0x000000008a780000)
 Metaspace       used 64149K, committed 65600K, reserved 1114112K
  class space    used 7807K, committed 8448K, reserved 1048576K
}
Event: 33.969 GC heap before
{Heap before GC invocations=137 (full 3):
 PSYoungGen      total 6144K, used 5746K [0x00000000d5580000, 0x00000000d5d00000, 0x0000000100000000)
  eden space 4608K, 100% used [0x00000000d5580000,0x00000000d5a00000,0x00000000d5a00000)
  from space 1536K, 74% used [0x00000000d5a00000,0x00000000d5b1cb20,0x00000000d5b80000)
  to   space 1536K, 0% used [0x00000000d5b80000,0x00000000d5b80000,0x00000000d5d00000)
 ParOldGen       total 171520K, used 171220K [0x0000000080000000, 0x000000008a780000, 0x00000000d5580000)
  object space 171520K, 99% used [0x0000000080000000,0x000000008a735168,0x000000008a780000)
 Metaspace       used 64189K, committed 65664K, reserved 1114112K
  class space    used 7814K, committed 8448K, reserved 1048576K
}
Event: 33.972 GC heap after
{Heap after GC invocations=137 (full 3):
 PSYoungGen      total 6144K, used 1216K [0x00000000d5580000, 0x00000000d5d00000, 0x0000000100000000)
  eden space 4608K, 0% used [0x00000000d5580000,0x00000000d5580000,0x00000000d5a00000)
  from space 1536K, 79% used [0x00000000d5b80000,0x00000000d5cb01d0,0x00000000d5d00000)
  to   space 1536K, 0% used [0x00000000d5a00000,0x00000000d5a00000,0x00000000d5b80000)
 ParOldGen       total 172544K, used 172175K [0x0000000080000000, 0x000000008a880000, 0x00000000d5580000)
  object space 172544K, 99% used [0x0000000080000000,0x000000008a823de0,0x000000008a880000)
 Metaspace       used 64189K, committed 65664K, reserved 1114112K
  class space    used 7814K, committed 8448K, reserved 1048576K
}
Event: 34.017 GC heap before
{Heap before GC invocations=138 (full 3):
 PSYoungGen      total 6144K, used 5824K [0x00000000d5580000, 0x00000000d5d00000, 0x0000000100000000)
  eden space 4608K, 100% used [0x00000000d5580000,0x00000000d5a00000,0x00000000d5a00000)
  from space 1536K, 79% used [0x00000000d5b80000,0x00000000d5cb01d0,0x00000000d5d00000)
  to   space 1536K, 0% used [0x00000000d5a00000,0x00000000d5a00000,0x00000000d5b80000)
 ParOldGen       total 172544K, used 172175K [0x0000000080000000, 0x000000008a880000, 0x00000000d5580000)
  object space 172544K, 99% used [0x0000000080000000,0x000000008a823de0,0x000000008a880000)
 Metaspace       used 64220K, committed 65664K, reserved 1114112K
  class space    used 7821K, committed 8448K, reserved 1048576K
}
Event: 34.021 GC heap after
{Heap after GC invocations=138 (full 3):
 PSYoungGen      total 6144K, used 1320K [0x00000000d5580000, 0x00000000d5d00000, 0x0000000100000000)
  eden space 4608K, 0% used [0x00000000d5580000,0x00000000d5580000,0x00000000d5a00000)
  from space 1536K, 85% used [0x00000000d5a00000,0x00000000d5b4a348,0x00000000d5b80000)
  to   space 1536K, 0% used [0x00000000d5b80000,0x00000000d5b80000,0x00000000d5d00000)
 ParOldGen       total 173568K, used 173242K [0x0000000080000000, 0x000000008a980000, 0x00000000d5580000)
  object space 173568K, 99% used [0x0000000080000000,0x000000008a92e950,0x000000008a980000)
 Metaspace       used 64220K, committed 65664K, reserved 1114112K
  class space    used 7821K, committed 8448K, reserved 1048576K
}
Event: 34.088 GC heap before
{Heap before GC invocations=139 (full 3):
 PSYoungGen      total 6144K, used 5928K [0x00000000d5580000, 0x00000000d5d00000, 0x0000000100000000)
  eden space 4608K, 100% used [0x00000000d5580000,0x00000000d5a00000,0x00000000d5a00000)
  from space 1536K, 85% used [0x00000000d5a00000,0x00000000d5b4a348,0x00000000d5b80000)
  to   space 1536K, 0% used [0x00000000d5b80000,0x00000000d5b80000,0x00000000d5d00000)
 ParOldGen       total 173568K, used 173242K [0x0000000080000000, 0x000000008a980000, 0x00000000d5580000)
  object space 173568K, 99% used [0x0000000080000000,0x000000008a92e950,0x000000008a980000)
 Metaspace       used 64253K, committed 65728K, reserved 1114112K
  class space    used 7825K, committed 8448K, reserved 1048576K
}
Event: 34.092 GC heap after
{Heap after GC invocations=139 (full 3):
 PSYoungGen      total 6144K, used 1184K [0x00000000d5580000, 0x00000000d5d00000, 0x0000000100000000)
  eden space 4608K, 0% used [0x00000000d5580000,0x00000000d5580000,0x00000000d5a00000)
  from space 1536K, 77% used [0x00000000d5b80000,0x00000000d5ca8000,0x00000000d5d00000)
  to   space 1536K, 0% used [0x00000000d5a00000,0x00000000d5a00000,0x00000000d5b80000)
 ParOldGen       total 174592K, used 174406K [0x0000000080000000, 0x000000008aa80000, 0x00000000d5580000)
  object space 174592K, 99% used [0x0000000080000000,0x000000008aa51b70,0x000000008aa80000)
 Metaspace       used 64253K, committed 65728K, reserved 1114112K
  class space    used 7825K, committed 8448K, reserved 1048576K
}
Event: 34.143 GC heap before
{Heap before GC invocations=140 (full 3):
 PSYoungGen      total 6144K, used 5792K [0x00000000d5580000, 0x00000000d5d00000, 0x0000000100000000)
  eden space 4608K, 100% used [0x00000000d5580000,0x00000000d5a00000,0x00000000d5a00000)
  from space 1536K, 77% used [0x00000000d5b80000,0x00000000d5ca8000,0x00000000d5d00000)
  to   space 1536K, 0% used [0x00000000d5a00000,0x00000000d5a00000,0x00000000d5b80000)
 ParOldGen       total 174592K, used 174406K [0x0000000080000000, 0x000000008aa80000, 0x00000000d5580000)
  object space 174592K, 99% used [0x0000000080000000,0x000000008aa51b70,0x000000008aa80000)
 Metaspace       used 64300K, committed 65728K, reserved 1114112K
  class space    used 7835K, committed 8448K, reserved 1048576K
}

